#
# A fatal error has been detected by the Java Runtime Environment:
#
#  EXCEPTION_ACCESS_VIOLATION (0xc0000005) at pc=0x00000000708ae276, pid=8964, tid=0x0000000000000ad4
#
# JRE version: Java(TM) SE Runtime Environment (8.0_281-b09) (build 1.8.0_281-b09)
# Java VM: Java HotSpot(TM) 64-Bit Server VM (25.281-b09 mixed mode windows-amd64 compressed oops)
# Problematic frame:
# V  [jvm.dll+0x22e276]
#
# Failed to write core dump. Minidumps are not enabled by default on client versions of Windows
#
# If you would like to submit a bug report, please visit:
#   http://bugreport.java.com/bugreport/crash.jsp
#

---------------  T H R E A D  ---------------

Current thread (0x00000000544a0800):  VMThread [stack: 0x0000000055530000,0x0000000055630000] [id=2772]

siginfo: ExceptionCode=0xc0000005, reading address 0x0000000000000008

Registers:
RAX=0x0000000000000000, RBX=0x000000005562eba0, RCX=0x0000000000000000, RDX=0x0000000000000028
RSP=0x000000005562e8d0, RBP=0x000000005562f100, RSI=0x0000000000000000, RDI=0x000000005562f270
R8 =0x0000000000000000, R9 =0x0000000053f46208, R10=0x0000000000351280, R11=0x0000000053f468c9
R12=0x000000000000001d, R13=0x00000000003adee0, R14=0x00000000000000b8, R15=0x0000000070680000
RIP=0x00000000708ae276, EFLAGS=0x0000000000010202

Top of Stack: (sp=0x000000005562e8d0)
0x000000005562e8d0:   00000000d27dcda8 00000000d27dce10
0x000000005562e8e0:   00000000d27dce78 00000000d27dcee0
0x000000005562e8f0:   00000000d27dcf48 00000000d27dcfb0
0x000000005562e900:   00000000d27dd018 00000000d27dd170
0x000000005562e910:   00000000020ef568 00000000020ef568
0x000000005562e920:   00000000d27dd2b0 00000000d27dd318
0x000000005562e930:   00000000d27dd380 00000000d27dd3e8
0x000000005562e940:   00000000d27dd450 00000000d27d98f8
0x000000005562e950:   00000000d27d92a8 00000000d27dd558
0x000000005562e960:   00000000d27dd5c8 00000000d27dd630
0x000000005562e970:   00000000d27dd6a0 00000000d27d97b8
0x000000005562e980:   00000000d27dd708 00000000d27dd7f0
0x000000005562e990:   00000000d27dd8e0 00000000d27dd948
0x000000005562e9a0:   00000000d27dda38 00000000d27dda38
0x000000005562e9b0:   00000000d27ddaa0 00000000d27ddb10
0x000000005562e9c0:   00000000d27ddb78 00000000d27ddbe0 

Instructions: (pc=0x00000000708ae276)
0x00000000708ae256:   01 00 00 48 8b 05 f8 9e 56 00 48 33 c4 48 89 84
0x00000000708ae266:   24 30 01 00 00 48 8b d9 48 63 49 10 48 8b 43 08
0x00000000708ae276:   38 54 08 08 74 33 44 0f be c2 48 8d 4c 24 20 48
0x00000000708ae286:   8d 15 84 72 3b 00 e8 1f d0 df ff ba 36 00 00 00 


Register to memory mapping:

RAX=0x0000000000000000 is an unknown value
RBX=0x000000005562eba0 is an unknown value
RCX=0x0000000000000000 is an unknown value
RDX=0x0000000000000028 is an unknown value
RSP=0x000000005562e8d0 is an unknown value
RBP=0x000000005562f100 is an unknown value
RSI=0x0000000000000000 is an unknown value
RDI=0x000000005562f270 is an unknown value
R8 =0x0000000000000000 is an unknown value
R9 =0x0000000053f46208 is pointing into metadata
R10=0x0000000000351280 is an unknown value
R11=0x0000000053f468c9 is pointing into metadata
R12=0x000000000000001d is an unknown value
R13=0x00000000003adee0 is an unknown value
R14=0x00000000000000b8 is an unknown value
R15=0x0000000070680000 is an unknown value


Stack: [0x0000000055530000,0x0000000055630000],  sp=0x000000005562e8d0,  free space=1018k
Native frames: (J=compiled Java code, j=interpreted, Vv=VM code, C=native code)
V  [jvm.dll+0x22e276]
V  [jvm.dll+0x22e994]
V  [jvm.dll+0x106863]
V  [jvm.dll+0x1087e9]
V  [jvm.dll+0x10902e]
V  [jvm.dll+0x10669a]
V  [jvm.dll+0x10582a]
V  [jvm.dll+0xcd14b]
V  [jvm.dll+0xcdbe3]
V  [jvm.dll+0x112634]
V  [jvm.dll+0x135930]
V  [jvm.dll+0x1b8ce1]
V  [jvm.dll+0x245447]
V  [jvm.dll+0x243bb5]
V  [jvm.dll+0x24432c]
V  [jvm.dll+0x24463c]
V  [jvm.dll+0x291cbc]
C  [ucrtbase.DLL+0x1d912]
C  [kernel32.dll+0x1652d]
C  [ntdll.dll+0x2c521]

VM_Operation (0x0000000055baf250): GetOrSetLocal, mode: safepoint, requested by thread 0x0000000054524800


---------------  P R O C E S S  ---------------

Java Threads: ( => current thread )
  0x0000000057bb3000 JavaThread "Okio Watchdog" daemon [_thread_blocked, id=9040, stack(0x00000000599f0000,0x0000000059af0000)]
  0x0000000057e0f000 JavaThread "Exec Stream Pumper" daemon [_thread_in_native, id=6272, stack(0x0000000058ea0000,0x0000000058fa0000)]
  0x0000000057e0e000 JavaThread "Exec Stream Pumper" daemon [_thread_in_native, id=9048, stack(0x0000000058c90000,0x0000000058d90000)]
  0x00000000579b6800 JavaThread "Exec Default Executor" daemon [_thread_in_native, id=2284, stack(0x0000000058980000,0x0000000058a80000)]
  0x0000000056dc2800 JavaThread "ReaderThread" [_thread_in_native, id=8660, stack(0x0000000057680000,0x0000000057780000)]
  0x00000000545aa000 JavaThread "Service Thread" daemon [_thread_blocked, id=8712, stack(0x0000000056bb0000,0x0000000056cb0000)]
  0x000000005454b000 JavaThread "C1 CompilerThread2" daemon [_thread_blocked, id=8696, stack(0x0000000056610000,0x0000000056710000)]
  0x0000000054546000 JavaThread "C2 CompilerThread1" daemon [_thread_blocked, id=6660, stack(0x00000000561f0000,0x00000000562f0000)]
  0x000000005453c000 JavaThread "C2 CompilerThread0" daemon [_thread_blocked, id=4836, stack(0x00000000563e0000,0x00000000564e0000)]
  0x0000000054537000 JavaThread "JDWP Command Reader" daemon [_thread_in_native, id=8672, stack(0x00000000560f0000,0x00000000561f0000)]
  0x000000005452a800 JavaThread "JDWP Event Helper Thread" daemon [_thread_blocked, id=8260, stack(0x0000000055f30000,0x0000000056030000)]
  0x0000000054524800 JavaThread "JDWP Transport Listener: dt_socket" daemon [_thread_blocked, id=6980, stack(0x0000000055ab0000,0x0000000055bb0000)]
  0x00000000544f9000 JavaThread "Attach Listener" daemon [_thread_blocked, id=6564, stack(0x0000000055950000,0x0000000055a50000)]
  0x00000000544f8000 JavaThread "Signal Dispatcher" daemon [_thread_blocked, id=4396, stack(0x0000000055710000,0x0000000055810000)]
  0x00000000003df000 JavaThread "Finalizer" daemon [_thread_blocked, id=332, stack(0x0000000055810000,0x0000000055910000)]
  0x00000000544a3800 JavaThread "Reference Handler" daemon [_thread_blocked, id=5088, stack(0x0000000055390000,0x0000000055490000)]
  0x000000000035f000 JavaThread "main" [_thread_blocked, id=6952, stack(0x0000000001ff0000,0x00000000020f0000)]

Other Threads:
=>0x00000000544a0800 VMThread [stack: 0x0000000055530000,0x0000000055630000] [id=2772]
  0x0000000056761800 WatcherThread [stack: 0x00000000564e0000,0x00000000565e0000] [id=8668]

VM state:at safepoint (normal execution)

VM Mutex/Monitor currently owned by a thread:  ([mutex/lock_event])
[0x000000000035cd20] Threads_lock - owner thread: 0x00000000544a0800

heap address: 0x00000000d2200000, size: 734 MB, Compressed Oops mode: 32-bit
Narrow klass base: 0x0000000000000000, Narrow klass shift: 0
Compressed class space size: 1073741824 Address: 0x00000000139d0000

Heap:
 PSYoungGen      total 13824K, used 6143K [0x00000000f0b80000, 0x00000000f2080000, 0x0000000100000000)
  eden space 12288K, 37% used [0x00000000f0b80000,0x00000000f1007e08,0x00000000f1780000)
  from space 1536K, 97% used [0x00000000f1780000,0x00000000f18f8030,0x00000000f1900000)
  to   space 4608K, 0% used [0x00000000f1c00000,0x00000000f1c00000,0x00000000f2080000)
 ParOldGen       total 31744K, used 9319K [0x00000000d2200000, 0x00000000d4100000, 0x00000000f0b80000)
  object space 31744K, 29% used [0x00000000d2200000,0x00000000d2b19f70,0x00000000d4100000)
 Metaspace       used 17641K, capacity 18372K, committed 18560K, reserved 1064960K
  class space    used 2215K, capacity 2404K, committed 2432K, reserved 1048576K

Card table byte_map: [0x0000000011820000,0x0000000011990000] byte_map_base: 0x000000001118f000

Marking Bits: (ParMarkBitMap*) 0x0000000070e66ff0
 Begin Bits: [0x0000000012170000, 0x0000000012ce8000)
 End Bits:   [0x0000000012ce8000, 0x0000000013860000)

Polling page: 0x0000000000120000

CodeCache: size=245760Kb used=6140Kb max_used=6156Kb free=239619Kb
 bounds [0x0000000002460000, 0x0000000002a70000, 0x0000000011460000]
 total_blobs=2191 nmethods=1777 adapters=335
 compilation: enabled

Compilation events (10 events):
Event: 21.541 Thread 0x000000005454b000 1775       3       sun.misc.ProxyGenerator::access$1000 (7 bytes)
Event: 21.541 Thread 0x000000005454b000 nmethod 1775 0x0000000002a5d0d0 code [0x0000000002a5d240, 0x0000000002a5d3c8]
Event: 21.542 Thread 0x000000005454b000 1776       3       sun.misc.ProxyGenerator::code_ipush (90 bytes)
Event: 21.544 Thread 0x000000005454b000 nmethod 1776 0x0000000002a5d490 code [0x0000000002a5d6e0, 0x0000000002a5e768]
Event: 21.545 Thread 0x000000005454b000 1777       3       java.lang.ClassLoader::getClassLoader (11 bytes)
Event: 21.546 Thread 0x000000005454b000 nmethod 1777 0x0000000002a5edd0 code [0x0000000002a5ef20, 0x0000000002a5f130]
Event: 21.547 Thread 0x000000005453c000 nmethod 1757 0x0000000002a5f1d0 code [0x0000000002a5f3c0, 0x0000000002a601e0]
Event: 21.547 Thread 0x000000005453c000 1774       4       sun.misc.ProxyGenerator$ConstantPool::getValue (91 bytes)
Event: 21.604 Thread 0x0000000054546000 nmethod 1773 0x0000000002a60f50 code [0x0000000002a61120, 0x0000000002a61df8]
Event: 21.613 Thread 0x000000005453c000 nmethod 1774 0x0000000002a65550 code [0x0000000002a65760, 0x0000000002a66988]

GC Heap History (10 events):
Event: 1.999 GC heap before
{Heap before GC invocations=1 (full 0):
 PSYoungGen      total 13824K, used 12288K [0x00000000f0b80000, 0x00000000f1a80000, 0x0000000100000000)
  eden space 12288K, 100% used [0x00000000f0b80000,0x00000000f1780000,0x00000000f1780000)
  from space 1536K, 0% used [0x00000000f1900000,0x00000000f1900000,0x00000000f1a80000)
  to   space 1536K, 0% used [0x00000000f1780000,0x00000000f1780000,0x00000000f1900000)
 ParOldGen       total 31744K, used 0K [0x00000000d2200000, 0x00000000d4100000, 0x00000000f0b80000)
  object space 31744K, 0% used [0x00000000d2200000,0x00000000d2200000,0x00000000d4100000)
 Metaspace       used 7867K, capacity 7952K, committed 8192K, reserved 1056768K
  class space    used 921K, capacity 946K, committed 1024K, reserved 1048576K
Event: 2.007 GC heap after
Heap after GC invocations=1 (full 0):
 PSYoungGen      total 13824K, used 1520K [0x00000000f0b80000, 0x00000000f1a80000, 0x0000000100000000)
  eden space 12288K, 0% used [0x00000000f0b80000,0x00000000f0b80000,0x00000000f1780000)
  from space 1536K, 98% used [0x00000000f1780000,0x00000000f18fc010,0x00000000f1900000)
  to   space 1536K, 0% used [0x00000000f1900000,0x00000000f1900000,0x00000000f1a80000)
 ParOldGen       total 31744K, used 1438K [0x00000000d2200000, 0x00000000d4100000, 0x00000000f0b80000)
  object space 31744K, 4% used [0x00000000d2200000,0x00000000d23678c0,0x00000000d4100000)
 Metaspace       used 7867K, capacity 7952K, committed 8192K, reserved 1056768K
  class space    used 921K, capacity 946K, committed 1024K, reserved 1048576K
}
Event: 3.115 GC heap before
{Heap before GC invocations=2 (full 0):
 PSYoungGen      total 13824K, used 13808K [0x00000000f0b80000, 0x00000000f1a80000, 0x0000000100000000)
  eden space 12288K, 100% used [0x00000000f0b80000,0x00000000f1780000,0x00000000f1780000)
  from space 1536K, 98% used [0x00000000f1780000,0x00000000f18fc010,0x00000000f1900000)
  to   space 1536K, 0% used [0x00000000f1900000,0x00000000f1900000,0x00000000f1a80000)
 ParOldGen       total 31744K, used 1438K [0x00000000d2200000, 0x00000000d4100000, 0x00000000f0b80000)
  object space 31744K, 4% used [0x00000000d2200000,0x00000000d23678c0,0x00000000d4100000)
 Metaspace       used 10858K, capacity 11000K, committed 11136K, reserved 1058816K
  class space    used 1299K, capacity 1366K, committed 1408K, reserved 1048576K
Event: 3.129 GC heap after
Heap after GC invocations=2 (full 0):
 PSYoungGen      total 13824K, used 1504K [0x00000000f0b80000, 0x00000000f1a80000, 0x0000000100000000)
  eden space 12288K, 0% used [0x00000000f0b80000,0x00000000f0b80000,0x00000000f1780000)
  from space 1536K, 97% used [0x00000000f1900000,0x00000000f1a78040,0x00000000f1a80000)
  to   space 1536K, 0% used [0x00000000f1780000,0x00000000f1780000,0x00000000f1900000)
 ParOldGen       total 31744K, used 3364K [0x00000000d2200000, 0x00000000d4100000, 0x00000000f0b80000)
  object space 31744K, 10% used [0x00000000d2200000,0x00000000d2549348,0x00000000d4100000)
 Metaspace       used 10858K, capacity 11000K, committed 11136K, reserved 1058816K
  class space    used 1299K, capacity 1366K, committed 1408K, reserved 1048576K
}
Event: 3.942 GC heap before
{Heap before GC invocations=3 (full 0):
 PSYoungGen      total 13824K, used 13792K [0x00000000f0b80000, 0x00000000f1a80000, 0x0000000100000000)
  eden space 12288K, 100% used [0x00000000f0b80000,0x00000000f1780000,0x00000000f1780000)
  from space 1536K, 97% used [0x00000000f1900000,0x00000000f1a78040,0x00000000f1a80000)
  to   space 1536K, 0% used [0x00000000f1780000,0x00000000f1780000,0x00000000f1900000)
 ParOldGen       total 31744K, used 3364K [0x00000000d2200000, 0x00000000d4100000, 0x00000000f0b80000)
  object space 31744K, 10% used [0x00000000d2200000,0x00000000d2549348,0x00000000d4100000)
 Metaspace       used 12963K, capacity 13126K, committed 13440K, reserved 1060864K
  class space    used 1522K, capacity 1577K, committed 1664K, reserved 1048576K
Event: 3.952 GC heap after
Heap after GC invocations=3 (full 0):
 PSYoungGen      total 13824K, used 1504K [0x00000000f0b80000, 0x00000000f1a80000, 0x0000000100000000)
  eden space 12288K, 0% used [0x00000000f0b80000,0x00000000f0b80000,0x00000000f1780000)
  from space 1536K, 97% used [0x00000000f1780000,0x00000000f18f8020,0x00000000f1900000)
  to   space 1536K, 0% used [0x00000000f1900000,0x00000000f1900000,0x00000000f1a80000)
 ParOldGen       total 31744K, used 5968K [0x00000000d2200000, 0x00000000d4100000, 0x00000000f0b80000)
  object space 31744K, 18% used [0x00000000d2200000,0x00000000d27d4040,0x00000000d4100000)
 Metaspace       used 12963K, capacity 13126K, committed 13440K, reserved 1060864K
  class space    used 1522K, capacity 1577K, committed 1664K, reserved 1048576K
}
Event: 5.105 GC heap before
{Heap before GC invocations=4 (full 0):
 PSYoungGen      total 13824K, used 13792K [0x00000000f0b80000, 0x00000000f1a80000, 0x0000000100000000)
  eden space 12288K, 100% used [0x00000000f0b80000,0x00000000f1780000,0x00000000f1780000)
  from space 1536K, 97% used [0x00000000f1780000,0x00000000f18f8020,0x00000000f1900000)
  to   space 1536K, 0% used [0x00000000f1900000,0x00000000f1900000,0x00000000f1a80000)
 ParOldGen       total 31744K, used 5968K [0x00000000d2200000, 0x00000000d4100000, 0x00000000f0b80000)
  object space 31744K, 18% used [0x00000000d2200000,0x00000000d27d4040,0x00000000d4100000)
 Metaspace       used 14831K, capacity 15272K, committed 15616K, reserved 1062912K
  class space    used 1805K, capacity 1944K, committed 2048K, reserved 1048576K
Event: 5.114 GC heap after
Heap after GC invocations=4 (full 0):
 PSYoungGen      total 13824K, used 1504K [0x00000000f0b80000, 0x00000000f1a80000, 0x0000000100000000)
  eden space 12288K, 0% used [0x00000000f0b80000,0x00000000f0b80000,0x00000000f1780000)
  from space 1536K, 97% used [0x00000000f1900000,0x00000000f1a78030,0x00000000f1a80000)
  to   space 1536K, 0% used [0x00000000f1780000,0x00000000f1780000,0x00000000f1900000)
 ParOldGen       total 31744K, used 7409K [0x00000000d2200000, 0x00000000d4100000, 0x00000000f0b80000)
  object space 31744K, 23% used [0x00000000d2200000,0x00000000d293c638,0x00000000d4100000)
 Metaspace       used 14831K, capacity 15272K, committed 15616K, reserved 1062912K
  class space    used 1805K, capacity 1944K, committed 2048K, reserved 1048576K
}
Event: 7.567 GC heap before
{Heap before GC invocations=5 (full 0):
 PSYoungGen      total 13824K, used 13792K [0x00000000f0b80000, 0x00000000f1a80000, 0x0000000100000000)
  eden space 12288K, 100% used [0x00000000f0b80000,0x00000000f1780000,0x00000000f1780000)
  from space 1536K, 97% used [0x00000000f1900000,0x00000000f1a78030,0x00000000f1a80000)
  to   space 1536K, 0% used [0x00000000f1780000,0x00000000f1780000,0x00000000f1900000)
 ParOldGen       total 31744K, used 7409K [0x00000000d2200000, 0x00000000d4100000, 0x00000000f0b80000)
  object space 31744K, 23% used [0x00000000d2200000,0x00000000d293c638,0x00000000d4100000)
 Metaspace       used 17135K, capacity 17818K, committed 18048K, reserved 1064960K
  class space    used 2135K, capacity 2329K, committed 2432K, reserved 1048576K
Event: 7.577 GC heap after
Heap after GC invocations=5 (full 0):
 PSYoungGen      total 13824K, used 1504K [0x00000000f0b80000, 0x00000000f2080000, 0x0000000100000000)
  eden space 12288K, 0% used [0x00000000f0b80000,0x00000000f0b80000,0x00000000f1780000)
  from space 1536K, 97% used [0x00000000f1780000,0x00000000f18f8030,0x00000000f1900000)
  to   space 4608K, 0% used [0x00000000f1c00000,0x00000000f1c00000,0x00000000f2080000)
 ParOldGen       total 31744K, used 9319K [0x00000000d2200000, 0x00000000d4100000, 0x00000000f0b80000)
  object space 31744K, 29% used [0x00000000d2200000,0x00000000d2b19f70,0x00000000d4100000)
 Metaspace       used 17135K, capacity 17818K, committed 18048K, reserved 1064960K
  class space    used 2135K, capacity 2329K, committed 2432K, reserved 1048576K
}

Deoptimization events (10 events):
Event: 5.257 Thread 0x000000000035f000 Uncommon trap: reason=class_check action=maybe_recompile pc=0x0000000002889e5c method=java.util.regex.Pattern$Curly.match(Ljava/util/regex/Matcher;ILjava/lang/CharSequence;)Z @ 19
Event: 5.279 Thread 0x000000000035f000 Uncommon trap: reason=class_check action=maybe_recompile pc=0x0000000002889e5c method=java.util.regex.Pattern$Curly.match(Ljava/util/regex/Matcher;ILjava/lang/CharSequence;)Z @ 19
Event: 5.280 Thread 0x000000000035f000 Uncommon trap: reason=class_check action=maybe_recompile pc=0x0000000002889e5c method=java.util.regex.Pattern$Curly.match(Ljava/util/regex/Matcher;ILjava/lang/CharSequence;)Z @ 19
Event: 5.376 Thread 0x000000000035f000 Uncommon trap: reason=unstable_if action=reinterpret pc=0x00000000028674d8 method=java.util.regex.Pattern$BmpCharProperty.match(Ljava/util/regex/Matcher;ILjava/lang/CharSequence;)Z @ 34
Event: 7.543 Thread 0x000000000035f000 Uncommon trap: reason=unstable_if action=reinterpret pc=0x0000000002a0468c method=java.util.concurrent.ConcurrentHashMap.putVal(Ljava/lang/Object;Ljava/lang/Object;Z)Ljava/lang/Object; @ 181
Event: 10.648 Thread 0x000000000035f000 Uncommon trap: reason=bimorphic action=maybe_recompile pc=0x000000000286a108 method=java.util.HashMap.putVal(ILjava/lang/Object;Ljava/lang/Object;ZZ)Ljava/lang/Object; @ 203
Event: 10.709 Thread 0x000000000035f000 Uncommon trap: reason=bimorphic action=maybe_recompile pc=0x000000000286a108 method=java.util.HashMap.putVal(ILjava/lang/Object;Ljava/lang/Object;ZZ)Ljava/lang/Object; @ 203
Event: 21.497 Thread 0x000000000035f000 Uncommon trap: reason=unstable_if action=reinterpret pc=0x00000000029695ec method=java.util.concurrent.ConcurrentHashMap.get(Ljava/lang/Object;)Ljava/lang/Object; @ 152
Event: 21.532 Thread 0x000000000035f000 Uncommon trap: reason=bimorphic action=maybe_recompile pc=0x000000000286a108 method=java.util.HashMap.putVal(ILjava/lang/Object;Ljava/lang/Object;ZZ)Ljava/lang/Object; @ 203
Event: 21.548 Thread 0x000000000035f000 Uncommon trap: reason=bimorphic action=maybe_recompile pc=0x000000000286a108 method=java.util.HashMap.putVal(ILjava/lang/Object;Ljava/lang/Object;ZZ)Ljava/lang/Object; @ 203

Classes redefined (3 events):
Event: 2034.559 Thread 0x00000000544a0800 redefined class name=AllUsersPageTest, count=1
Event: 2143.628 Thread 0x00000000544a0800 redefined class name=AllUsersPageTest, count=2
Event: 2521.735 Thread 0x00000000544a0800 redefined class name=AllUsersPageTest, count=3

Internal exceptions (10 events):
Event: 7.634 Thread 0x000000000035f000 Exception <a 'java/net/SocketTimeoutException': Read timed out> (0x00000000f0c6df30) thrown at [C:\jenkins\workspace\8-2-build-windows-amd64-cygwin\jdk8u281\880\hotspot\src\share\vm\prims\jni.cpp, line 737]
Event: 7.647 Thread 0x000000000035f000 Exception <a 'java/net/SocketTimeoutException': Read timed out> (0x00000000f0c86f40) thrown at [C:\jenkins\workspace\8-2-build-windows-amd64-cygwin\jdk8u281\880\hotspot\src\share\vm\prims\jni.cpp, line 737]
Event: 7.658 Thread 0x000000000035f000 Exception <a 'java/net/SocketTimeoutException': Read timed out> (0x00000000f0c9bd78) thrown at [C:\jenkins\workspace\8-2-build-windows-amd64-cygwin\jdk8u281\880\hotspot\src\share\vm\prims\jni.cpp, line 737]
Event: 10.715 Thread 0x000000000035f000 Exception <a 'java/net/SocketTimeoutException': Read timed out> (0x00000000f0e43ec8) thrown at [C:\jenkins\workspace\8-2-build-windows-amd64-cygwin\jdk8u281\880\hotspot\src\share\vm\prims\jni.cpp, line 737]
Event: 10.769 Thread 0x000000000035f000 Exception <a 'java/lang/NoSuchMethodError': java.lang.Object.of(Ljava/lang/Object;)Ljava/util/stream/Stream;> (0x00000000f0e4f428) thrown at [C:\jenkins\workspace\8-2-build-windows-amd64-cygwin\jdk8u281\880\hotspot\src\share\vm\interpreter\linkResolver.cp
Event: 10.785 Thread 0x000000000035f000 Exception <a 'java/net/SocketTimeoutException': Read timed out> (0x00000000f0e83980) thrown at [C:\jenkins\workspace\8-2-build-windows-amd64-cygwin\jdk8u281\880\hotspot\src\share\vm\prims\jni.cpp, line 737]
Event: 10.927 Thread 0x000000000035f000 Exception <a 'java/net/SocketTimeoutException': Read timed out> (0x00000000f0e96878) thrown at [C:\jenkins\workspace\8-2-build-windows-amd64-cygwin\jdk8u281\880\hotspot\src\share\vm\prims\jni.cpp, line 737]
Event: 10.965 Thread 0x000000000035f000 Exception <a 'java/net/SocketTimeoutException': Read timed out> (0x00000000f0eb3680) thrown at [C:\jenkins\workspace\8-2-build-windows-amd64-cygwin\jdk8u281\880\hotspot\src\share\vm\prims\jni.cpp, line 737]
Event: 11.104 Thread 0x000000000035f000 Exception <a 'java/net/SocketTimeoutException': Read timed out> (0x00000000f0ec6f38) thrown at [C:\jenkins\workspace\8-2-build-windows-amd64-cygwin\jdk8u281\880\hotspot\src\share\vm\prims\jni.cpp, line 737]
Event: 11.137 Thread 0x000000000035f000 Exception <a 'java/net/SocketTimeoutException': Read timed out> (0x00000000f0edfdf0) thrown at [C:\jenkins\workspace\8-2-build-windows-amd64-cygwin\jdk8u281\880\hotspot\src\share\vm\prims\jni.cpp, line 737]

Events (10 events):
Event: 2521.942 Executing VM operation: ChangeBreakpoints done
Event: 2522.568 Executing VM operation: GetCurrentContendedMonitor
Event: 2522.569 Executing VM operation: GetCurrentContendedMonitor done
Event: 2522.569 Executing VM operation: GetOwnedMonitorInfo
Event: 2522.569 Executing VM operation: GetOwnedMonitorInfo done
Event: 2529.766 Executing VM operation: GetCurrentContendedMonitor
Event: 2529.766 Executing VM operation: GetCurrentContendedMonitor done
Event: 2529.766 Executing VM operation: GetOwnedMonitorInfo
Event: 2529.767 Executing VM operation: GetOwnedMonitorInfo done
Event: 2533.650 Executing VM operation: GetOrSetLocal


Dynamic libraries:
0x000000013fd60000 - 0x000000013fda7000 	C:\Program Files\Java\jre1.8.0_281\bin\javaw.exe
0x0000000076f00000 - 0x00000000770a9000 	C:\Windows\SYSTEM32\ntdll.dll
0x0000000076ce0000 - 0x0000000076dff000 	C:\Windows\system32\kernel32.dll
0x000007fefd110000 - 0x000007fefd17b000 	C:\Windows\system32\KERNELBASE.dll
0x000007fefed10000 - 0x000007fefedeb000 	C:\Windows\system32\ADVAPI32.dll
0x000007fefe470000 - 0x000007fefe50f000 	C:\Windows\system32\msvcrt.dll
0x000007fefdfd0000 - 0x000007fefdfef000 	C:\Windows\SYSTEM32\sechost.dll
0x000007fefe340000 - 0x000007fefe46d000 	C:\Windows\system32\RPCRT4.dll
0x0000000076e00000 - 0x0000000076efa000 	C:\Windows\system32\USER32.dll
0x000007fefe510000 - 0x000007fefe577000 	C:\Windows\system32\GDI32.dll
0x000007feff200000 - 0x000007feff20e000 	C:\Windows\system32\LPK.dll
0x000007feff050000 - 0x000007feff119000 	C:\Windows\system32\USP10.dll
0x000007fefb300000 - 0x000007fefb4f4000 	C:\Windows\WinSxS\amd64_microsoft.windows.common-controls_6595b64144ccf1df_6.0.7601.17514_none_fa396087175ac9ac\COMCTL32.dll
0x000007fefe2c0000 - 0x000007fefe331000 	C:\Windows\system32\SHLWAPI.dll
0x000007fefe7a0000 - 0x000007fefe7ce000 	C:\Windows\system32\IMM32.DLL
0x000007fefe870000 - 0x000007fefe979000 	C:\Windows\system32\MSCTF.dll
0x000007fef7c50000 - 0x000007fef7c65000 	C:\Program Files\Java\jre1.8.0_281\bin\vcruntime140.dll
0x000007fef9ef0000 - 0x000007fef9ef4000 	C:\Program Files\Java\jre1.8.0_281\bin\api-ms-win-crt-runtime-l1-1-0.dll
0x000007feefcc0000 - 0x000007feefdba000 	C:\Program Files\Java\jre1.8.0_281\bin\ucrtbase.DLL
0x000007fef9ee0000 - 0x000007fef9ee3000 	C:\Program Files\Java\jre1.8.0_281\bin\api-ms-win-core-localization-l1-2-0.dll
0x000007fef9eb0000 - 0x000007fef9eb3000 	C:\Program Files\Java\jre1.8.0_281\bin\api-ms-win-core-processthreads-l1-1-1.dll
0x000007fef9e80000 - 0x000007fef9e83000 	C:\Program Files\Java\jre1.8.0_281\bin\api-ms-win-core-file-l1-2-0.dll
0x000007fef82f0000 - 0x000007fef82f3000 	C:\Program Files\Java\jre1.8.0_281\bin\api-ms-win-core-timezone-l1-1-0.dll
0x000007fef82c0000 - 0x000007fef82c3000 	C:\Program Files\Java\jre1.8.0_281\bin\api-ms-win-core-file-l2-1-0.dll
0x000007fef8290000 - 0x000007fef8293000 	C:\Program Files\Java\jre1.8.0_281\bin\api-ms-win-core-synch-l1-2-0.dll
0x000007fef8270000 - 0x000007fef8273000 	C:\Program Files\Java\jre1.8.0_281\bin\api-ms-win-crt-heap-l1-1-0.dll
0x000007fef80f0000 - 0x000007fef80f4000 	C:\Program Files\Java\jre1.8.0_281\bin\api-ms-win-crt-string-l1-1-0.dll
0x000007fef7cc0000 - 0x000007fef7cc4000 	C:\Program Files\Java\jre1.8.0_281\bin\api-ms-win-crt-stdio-l1-1-0.dll
0x000007fef7c30000 - 0x000007fef7c34000 	C:\Program Files\Java\jre1.8.0_281\bin\api-ms-win-crt-convert-l1-1-0.dll
0x000007feefe40000 - 0x000007feefedb000 	C:\Program Files\Java\jre1.8.0_281\bin\msvcp140.dll
0x000007fef7c40000 - 0x000007fef7c43000 	C:\Program Files\Java\jre1.8.0_281\bin\api-ms-win-crt-locale-l1-1-0.dll
0x000007fef7890000 - 0x000007fef7895000 	C:\Program Files\Java\jre1.8.0_281\bin\api-ms-win-crt-math-l1-1-0.dll
0x000007fef78a0000 - 0x000007fef78a3000 	C:\Program Files\Java\jre1.8.0_281\bin\api-ms-win-crt-filesystem-l1-1-0.dll
0x000007fef7650000 - 0x000007fef7653000 	C:\Program Files\Java\jre1.8.0_281\bin\api-ms-win-crt-time-l1-1-0.dll
0x000007fef7880000 - 0x000007fef7883000 	C:\Program Files\Java\jre1.8.0_281\bin\api-ms-win-crt-environment-l1-1-0.dll
0x000007fef75f0000 - 0x000007fef75f3000 	C:\Program Files\Java\jre1.8.0_281\bin\api-ms-win-crt-utility-l1-1-0.dll
0x0000000070680000 - 0x0000000070edf000 	C:\Program Files\Java\jre1.8.0_281\bin\server\jvm.dll
0x000007fef6790000 - 0x000007fef6799000 	C:\Windows\system32\WSOCK32.dll
0x000007fefe270000 - 0x000007fefe2bd000 	C:\Windows\system32\WS2_32.dll
0x000007fefe790000 - 0x000007fefe798000 	C:\Windows\system32\NSI.dll
0x000007fefba80000 - 0x000007fefbabb000 	C:\Windows\system32\WINMM.dll
0x000007fefbfb0000 - 0x000007fefbfbc000 	C:\Windows\system32\VERSION.dll
0x00000000770c0000 - 0x00000000770c7000 	C:\Windows\system32\PSAPI.DLL
0x000007fef10b0000 - 0x000007fef10c0000 	C:\Program Files\Java\jre1.8.0_281\bin\verify.dll
0x000007fef1040000 - 0x000007fef106b000 	C:\Program Files\Java\jre1.8.0_281\bin\java.dll
0x000007fef7290000 - 0x000007fef72c6000 	C:\Program Files\Java\jre1.8.0_281\bin\jdwp.dll
0x000007fef7640000 - 0x000007fef7649000 	C:\Program Files\Java\jre1.8.0_281\bin\npt.dll
0x000007fef1070000 - 0x000007fef1088000 	C:\Program Files\Java\jre1.8.0_281\bin\zip.dll
0x000007fefd240000 - 0x000007fefdfc8000 	C:\Windows\system32\SHELL32.dll
0x000007fefe580000 - 0x000007fefe783000 	C:\Windows\system32\ole32.dll
0x000007fefce50000 - 0x000007fefce5f000 	C:\Windows\system32\profapi.dll
0x000007fef74e0000 - 0x000007fef74ea000 	C:\Program Files\Java\jre1.8.0_281\bin\dt_socket.dll
0x000007fefb6b0000 - 0x000007fefb6c5000 	C:\Windows\system32\NLAapi.dll
0x000007fefa0a0000 - 0x000007fefa0b5000 	C:\Windows\system32\napinsp.dll
0x000007fef9e60000 - 0x000007fef9e79000 	C:\Windows\system32\pnrpnsp.dll
0x000007fefc6c0000 - 0x000007fefc715000 	C:\Windows\System32\mswsock.dll
0x000007fefc540000 - 0x000007fefc59b000 	C:\Windows\system32\DNSAPI.dll
0x000007fefa090000 - 0x000007fefa09b000 	C:\Windows\System32\winrnr.dll
0x000007fef6770000 - 0x000007fef6780000 	C:\Windows\system32\wshbth.dll
0x000007fefaa10000 - 0x000007fefaa37000 	C:\Windows\system32\IPHLPAPI.DLL
0x000007fefaa00000 - 0x000007fefaa0b000 	C:\Windows\system32\WINNSI.DLL
0x000007fefa8b0000 - 0x000007fefa903000 	C:\Windows\System32\fwpuclnt.dll
0x000007fef7f40000 - 0x000007fef7f48000 	C:\Windows\system32\rasadhlp.dll
0x000007fefc080000 - 0x000007fefc087000 	C:\Windows\System32\wshtcpip.dll
0x000007fef1000000 - 0x000007fef101c000 	C:\Program Files\Java\jre1.8.0_281\bin\net.dll
0x000007fefc6b0000 - 0x000007fefc6b7000 	C:\Windows\System32\wship6.dll
0x000007fefc720000 - 0x000007fefc737000 	C:\Windows\system32\CRYPTSP.dll
0x000007fefc420000 - 0x000007fefc467000 	C:\Windows\system32\rsaenh.dll
0x000007fefc1a0000 - 0x000007fefc1be000 	C:\Windows\system32\USERENV.dll
0x000007fefcd80000 - 0x000007fefcd8f000 	C:\Windows\system32\CRYPTBASE.dll
0x000007fefa810000 - 0x000007fefa828000 	C:\Windows\system32\dhcpcsvc.DLL
0x000007fefa7f0000 - 0x000007fefa801000 	C:\Windows\system32\dhcpcsvc6.DLL
0x000007fef1020000 - 0x000007fef1033000 	C:\Program Files\Java\jre1.8.0_281\bin\nio.dll
0x000007feefdc0000 - 0x000007feefde4000 	C:\Program Files\Java\jre1.8.0_281\bin\sunec.dll
0x000007fef9f40000 - 0x000007fef9f4d000 	C:\Program Files\Java\jre1.8.0_281\bin\sunmscapi.dll
0x000007fefcfa0000 - 0x000007fefd107000 	C:\Windows\system32\CRYPT32.dll
0x000007fefcef0000 - 0x000007fefceff000 	C:\Windows\system32\MSASN1.dll
0x000007fefc8a0000 - 0x000007fefc8ee000 	C:\Windows\system32\ncrypt.dll
0x000007fefc870000 - 0x000007fefc892000 	C:\Windows\system32\bcrypt.dll
0x000007fefcd20000 - 0x000007fefcd77000 	C:\Windows\system32\apphelp.dll
0x000007fef6620000 - 0x000007fef6745000 	C:\Windows\system32\dbghelp.dll

VM Arguments:
jvm_args: -agentlib:jdwp=transport=dt_socket,suspend=y,address=localhost:54039 -ea -Dfile.encoding=Cp1252 
java_command: org.testng.remote.RemoteTestNG -serport 54038 -protocol json -d C:\Users\ANVER\eclipse-workspace\Framework1Buffalocart\test-output C:\Users\ANVER\AppData\Local\Temp\testng-eclipse--249059138\testng-customsuite.xml
java_class_path (initial): C:\Users\ANVER\Downloads\eclipse-java-oxygen-3a-win32-x86_64\eclipse\configuration\org.eclipse.osgi\514\0\.cp\lib\testng-remote.jar;C:\Program Files\Java\jre1.8.0_281\lib\resources.jar;C:\Program Files\Java\jre1.8.0_281\lib\rt.jar;C:\Program Files\Java\jre1.8.0_281\lib\jsse.jar;C:\Program Files\Java\jre1.8.0_281\lib\jce.jar;C:\Program Files\Java\jre1.8.0_281\lib\charsets.jar;C:\Program Files\Java\jre1.8.0_281\lib\jfr.jar;C:\Program Files\Java\jre1.8.0_281\lib\ext\access-bridge-64.jar;C:\Program Files\Java\jre1.8.0_281\lib\ext\cldrdata.jar;C:\Program Files\Java\jre1.8.0_281\lib\ext\dnsns.jar;C:\Program Files\Java\jre1.8.0_281\lib\ext\jaccess.jar;C:\Program Files\Java\jre1.8.0_281\lib\ext\jfxrt.jar;C:\Program Files\Java\jre1.8.0_281\lib\ext\localedata.jar;C:\Program Files\Java\jre1.8.0_281\lib\ext\nashorn.jar;C:\Program Files\Java\jre1.8.0_281\lib\ext\sunec.jar;C:\Program Files\Java\jre1.8.0_281\lib\ext\sunjce_provider.jar;C:\Program Files\Java\jre1.8.0_281\lib\ext\sunmscapi.jar;C:\Program Files\Java\jre1.8.0_281\lib\ext\sunpkcs11.jar;C:\Program Files\Java\jre1.8.0_281\lib\ext\zipfs.jar;C:\Users\ANVER\eclipse-workspace\Framework1Buffalocart\target\test-classes;C:\Users\ANVER\eclipse-workspace\Framework1Buffalocart\target\classes;C:\Users\ANVER\Downloads\eclipse-java-oxygen-3a-win32-x86_64\eclipse\plugins\org.testng_6.14.3.r201802240500.jar;C:\Users\ANVER\Downloads\eclipse-java-oxygen-3a-win32-x86_64\eclipse\plugins\com.beust.jcommander_1.78.0.jar;C:\Users\ANVER\Downloads\eclipse-java-oxygen-3a-win32-x86_64\eclipse\plugins\org.apache-extras.beanshell.bsh_2.0.0.b6.jar;C:\Users\ANVER\Downloads\eclipse-java-oxygen-3a-win32-x86_64\eclipse\plugins\org.yaml.snakeyaml_1.21.0.jar;C:\Users\ANVER\.m2\repository\org\testng\testng\7.4.0\testng-7.4.0.jar;C:\Users\ANVER\.m2\repository\com\beust\jcommander\1.78\jcommander-1.78.jar;C:\Users\ANVER\.m2\repository\org\webjars\jquery\3.5.1\jquery-3.5.1.jar;C:\Users\ANVER\.m2\repository\org\seleniumhq\selenium\
Launcher Type: SUN_STANDARD

Environment Variables:
JAVA_HOME=C:\Program Files\Java\jdk1.8.0_281
PATH=C:/Program Files/Java/jre1.8.0_281/bin/server;C:/Program Files/Java/jre1.8.0_281/bin;C:/Program Files/Java/jre1.8.0_281/lib/amd64;C:\Program Files (x86)\Common Files\Oracle\Java\javapath;C:\Program Files\Java\jdk1.8.0_281\bin;C:\Program Files\apache-maven-3.8.1\bin;C:\Program Files\Git\cmd;C:\Program Files\Java\jdk1.8.0_281\bin;C:\Users\ANVER\Downloads\eclipse-java-oxygen-3a-win32-x86_64\eclipse;
USERNAME=ANVER
OS=Windows_NT
PROCESSOR_IDENTIFIER=Intel64 Family 6 Model 37 Stepping 2, GenuineIntel



---------------  S Y S T E M  ---------------

OS: Windows 7 , 64 bit Build 7601 (6.1.7601.17514)

CPU:total 4 (initial active 4) (2 cores per cpu, 2 threads per core) family 6 model 37 stepping 2, cmov, cx8, fxsr, mmx, sse, sse2, sse3, ssse3, sse4.1, sse4.2, popcnt, ht, tsc, tscinvbit

Memory: 4k page, physical 3004988k(848436k free), swap 6008132k(1367428k free)

vm_info: Java HotSpot(TM) 64-Bit Server VM (25.281-b09) for windows-amd64 JRE (1.8.0_281-b09), built on Dec  9 2020 13:54:07 by "" with MS VC++ 15.9 (VS2017)

time: Mon Jul 19 22:33:45 2021
timezone: India Standard Time
elapsed time: 2534.658393 seconds (0d 0h 42m 14s)

